{"name": "test_enterDataInEditBox", "status": "failed", "statusDetails": {"message": "AssertionError", "trace": "self = <pages.LoginPage.LoginPageTest object at 0x10cbd45e0>, text = 'Hendro', locatorString = 'com.code2lead.kwad:id/Edt_admin', locatorType = 'id'\n\n    def sendText(self, text, locatorString, locatorType=\"id\"):\n        element = None\n        try:\n            locatorType = locatorType.lower()\n>           element = self.waitForElement(locatorString, locatorType)\n\n../base/BasePage.py:76: \n_ _ _ _ _ _ _ _ _ _ _ _ _ _ _ _ _ _ _ _ _ _ _ _ _ _ _ _ _ _ _ _ _ _ _ _ _ _ _ _ _ _ _ _ _ _ _ _ _ _ _ _ _ _ _ _ _ _ _ _ _ _ _ _ _ _ _ _ _ _ _ _ _ _ _ _ _ _ _ _ _ _ _ _ _ _ \n\nself = <pages.LoginPage.LoginPageTest object at 0x10cbd45e0>, locatorString = 'com.code2lead.kwad:id/Edt_admin', locatorType = 'id'\n\n    def waitForElement(self, locatorString, locatorType):\n        locatorType = locatorType.lower()\n        element = None\n    \n        if locatorType == \"id\":\n>           element = WebDriverWait(self.driver, 10).until(EC.presence_of_element_located((MobileBy.ID, locatorString)))\n\n../base/BasePage.py:22: \n_ _ _ _ _ _ _ _ _ _ _ _ _ _ _ _ _ _ _ _ _ _ _ _ _ _ _ _ _ _ _ _ _ _ _ _ _ _ _ _ _ _ _ _ _ _ _ _ _ _ _ _ _ _ _ _ _ _ _ _ _ _ _ _ _ _ _ _ _ _ _ _ _ _ _ _ _ _ _ _ _ _ _ _ _ _ \n\nself = <selenium.webdriver.support.wait.WebDriverWait (session=\"2262a11e-6cf1-4da0-8290-c209c4dff398\")>\nmethod = <function presence_of_element_located.<locals>._predicate at 0x10c6a0790>, message = ''\n\n    def until(self, method, message: str = \"\"):\n        \"\"\"Calls the method provided with the driver as an argument until the \\\n        return value does not evaluate to ``False``.\n    \n        :param method: callable(WebDriver)\n        :param message: optional message for :exc:`TimeoutException`\n        :returns: the result of the last call to `method`\n        :raises: :exc:`selenium.common.exceptions.TimeoutException` if timeout occurs\n        \"\"\"\n        screen = None\n        stacktrace = None\n    \n        end_time = time.monotonic() + self._timeout\n        while True:\n            try:\n                value = method(self._driver)\n                if value:\n                    return value\n            except self._ignored_exceptions as exc:\n                screen = getattr(exc, 'screen', None)\n                stacktrace = getattr(exc, 'stacktrace', None)\n            time.sleep(self._poll)\n            if time.monotonic() > end_time:\n                break\n>       raise TimeoutException(message, screen, stacktrace)\nE       selenium.common.exceptions.TimeoutException: Message: \nE       Stacktrace:\nE       NoSuchElementError: An element could not be located on the page using the given search parameters.\nE           at AndroidUiautomator2Driver.findElOrEls (/Users/jarvis/.npm-global/lib/node_modules/appium/node_modules/appium-android-driver/lib/commands/find.js:75:11)\nE           at runMicrotasks (<anonymous>)\nE           at processTicksAndRejections (node:internal/process/task_queues:96:5)\nE           at AndroidUiautomator2Driver.findElOrElsWithProcessing (/Users/jarvis/.npm-global/lib/node_modules/appium/node_modules/appium-base-driver/lib/basedriver/commands/find.js:33:12)\nE           at AndroidUiautomator2Driver.findElement (/Users/jarvis/.npm-global/lib/node_modules/appium/node_modules/appium-base-driver/lib/basedriver/commands/find.js:53:10)\n\n../venv/lib/python3.10/site-packages/selenium/webdriver/support/wait.py:90: TimeoutException\n\nDuring handling of the above exception, another exception occurred:\n\nself = <tests.LoginTest.LoginTest testMethod=test_enterDataInEditBox>\n\n    @pytest.mark.run(order=5)\n    def test_enterDataInEditBox(self):\n>       self.gt.enterText()\n\nLoginTest.py:16: \n_ _ _ _ _ _ _ _ _ _ _ _ _ _ _ _ _ _ _ _ _ _ _ _ _ _ _ _ _ _ _ _ _ _ _ _ _ _ _ _ _ _ _ _ _ _ _ _ _ _ _ _ _ _ _ _ _ _ _ _ _ _ _ _ _ _ _ _ _ _ _ _ _ _ _ _ _ _ _ _ _ _ _ _ _ _ \n../pages/LoginPage.py:48: in enterText\n    self.sendText(\"Hendro\", self._enterText,\"id\")\n_ _ _ _ _ _ _ _ _ _ _ _ _ _ _ _ _ _ _ _ _ _ _ _ _ _ _ _ _ _ _ _ _ _ _ _ _ _ _ _ _ _ _ _ _ _ _ _ _ _ _ _ _ _ _ _ _ _ _ _ _ _ _ _ _ _ _ _ _ _ _ _ _ _ _ _ _ _ _ _ _ _ _ _ _ _ \n\nself = <pages.LoginPage.LoginPageTest object at 0x10cbd45e0>, text = 'Hendro', locatorString = 'com.code2lead.kwad:id/Edt_admin', locatorType = 'id'\n\n    def sendText(self, text, locatorString, locatorType=\"id\"):\n        element = None\n        try:\n            locatorType = locatorType.lower()\n            element = self.waitForElement(locatorString, locatorType)\n            element.send_keys(text)\n            self.log.info(\"Send text on Element with LocatorType: \" + locatorType + \" and with LocatorString: \" + locatorString)\n        except:\n            self.log.info(\n                \"Unable to send text on Element with LocatorType: \" + locatorType + \" and with LocatorString: \" + locatorString)\n            self.takeScreenShot(locatorType)\n>           assert False\nE           AssertionError\n\n../base/BasePage.py:83: AssertionError"}, "attachments": [{"name": "id", "source": "1db6cdfe-bcb4-4f74-9f54-1b0586235c2c-attachment.png", "type": "image/png"}, {"name": "log", "source": "90b35fe6-bc11-4506-8c9c-83550c2492e9-attachment.txt", "type": "text/plain"}], "start": 1658614851114, "stop": 1658614861893, "uuid": "b8c29f0a-35ac-4365-aa5e-74513845d5e1", "historyId": "6c6221cbf91eb27c548322f4fd168190", "testCaseId": "cccab356436a367c95d20d864482b967", "fullName": "LoginTest.LoginTest#test_enterDataInEditBox", "labels": [{"name": "tag", "value": "run(order=5)"}, {"name": "tag", "value": "@pytest.mark.usefixtures('beforeClass', 'beforeMethod')"}, {"name": "suite", "value": "LoginTest"}, {"name": "subSuite", "value": "LoginTest"}, {"name": "host", "value": "kelaskoding.local"}, {"name": "thread", "value": "3414-MainThread"}, {"name": "framework", "value": "pytest"}, {"name": "language", "value": "cpython3"}, {"name": "package", "value": "LoginTest"}]}