{"name": "test_enterDataInForm", "status": "failed", "statusDetails": {"message": "AssertionError", "trace": "self = <pages.ContactUsFormPage.ContactForm object at 0x1034f9e70>, text = 'Hendro Steven', locatorString = 'Enter Name', locatorType = 'text'\n\n    def sendText(self, text, locatorString, locatorType=\"id\"):\n        element = None\n        try:\n            locatorType = locatorType.lower()\n>           element = self.waitForElement(locatorString, locatorType)\n\n../base/BasePage.py:76: \n_ _ _ _ _ _ _ _ _ _ _ _ _ _ _ _ _ _ _ _ _ _ _ _ _ _ _ _ _ _ _ _ _ _ _ _ _ _ _ _ _ _ _ _ _ _ _ _ _ _ _ _ _ _ _ _ _ _ _ _ _ _ _ _ _ _ _ _ _ _ _ _ _ _ _ _ _ _ _ _ _ _ _ _ _ _ \n\nself = <pages.ContactUsFormPage.ContactForm object at 0x1034f9e70>, locatorString = 'Enter Name', locatorType = 'text'\n\n    def waitForElement(self, locatorString, locatorType):\n        locatorType = locatorType.lower()\n        element = None\n    \n        if locatorType == \"id\":\n            element = WebDriverWait(self.driver, 10).until(EC.presence_of_element_located((MobileBy.ID, locatorString)))\n            return element\n        elif locatorType == \"xpath\":\n            element = WebDriverWait(self.driver, 10).until(\n                EC.presence_of_element_located((MobileBy.XPATH, locatorString)))\n            return element\n        elif locatorType == \"des\":\n            element = WebDriverWait(self.driver, 10).until(EC.presence_of_element_located(\n                (AppiumBy.ANDROID_UIAUTOMATOR, 'UiSelector().description(\"%s\")' % locatorString)))\n            return element\n        elif locatorType == \"index\":\n            element = WebDriverWait(self.driver, 10).until(EC.presence_of_element_located(\n                (AppiumBy.ANDROID_UIAUTOMATOR, 'UiSelector().index(%d)' % int(locatorString))))\n            return element\n        elif locatorType == \"text\":\n>           element = WebDriverWait(self.driver, 10).until(\n                EC.presence_of_element_located((AppiumBy.ANDROID_UIAUTOMATOR, 'text(\"%s\")' % locatorString)))\n\n../base/BasePage.py:37: \n_ _ _ _ _ _ _ _ _ _ _ _ _ _ _ _ _ _ _ _ _ _ _ _ _ _ _ _ _ _ _ _ _ _ _ _ _ _ _ _ _ _ _ _ _ _ _ _ _ _ _ _ _ _ _ _ _ _ _ _ _ _ _ _ _ _ _ _ _ _ _ _ _ _ _ _ _ _ _ _ _ _ _ _ _ _ \n\nself = <selenium.webdriver.support.wait.WebDriverWait (session=\"6e17a35e-db45-4f19-815a-27c7911073e9\")>\nmethod = <function presence_of_element_located.<locals>._predicate at 0x103479e10>, message = ''\n\n    def until(self, method, message: str = \"\"):\n        \"\"\"Calls the method provided with the driver as an argument until the \\\n        return value does not evaluate to ``False``.\n    \n        :param method: callable(WebDriver)\n        :param message: optional message for :exc:`TimeoutException`\n        :returns: the result of the last call to `method`\n        :raises: :exc:`selenium.common.exceptions.TimeoutException` if timeout occurs\n        \"\"\"\n        screen = None\n        stacktrace = None\n    \n        end_time = time.monotonic() + self._timeout\n        while True:\n            try:\n                value = method(self._driver)\n                if value:\n                    return value\n            except self._ignored_exceptions as exc:\n                screen = getattr(exc, 'screen', None)\n                stacktrace = getattr(exc, 'stacktrace', None)\n            time.sleep(self._poll)\n            if time.monotonic() > end_time:\n                break\n>       raise TimeoutException(message, screen, stacktrace)\nE       selenium.common.exceptions.TimeoutException: Message: \nE       Stacktrace:\nE       NoSuchElementError: An element could not be located on the page using the given search parameters.\nE           at AndroidUiautomator2Driver.findElOrEls (/Users/jarvis/.npm-global/lib/node_modules/appium/node_modules/appium-android-driver/lib/commands/find.js:75:11)\nE           at runMicrotasks (<anonymous>)\nE           at processTicksAndRejections (node:internal/process/task_queues:96:5)\nE           at AndroidUiautomator2Driver.findElOrElsWithProcessing (/Users/jarvis/.npm-global/lib/node_modules/appium/node_modules/appium-base-driver/lib/basedriver/commands/find.js:33:12)\nE           at AndroidUiautomator2Driver.findElement (/Users/jarvis/.npm-global/lib/node_modules/appium/node_modules/appium-base-driver/lib/basedriver/commands/find.js:53:10)\n\n../venv/lib/python3.10/site-packages/selenium/webdriver/support/wait.py:90: TimeoutException\n\nDuring handling of the above exception, another exception occurred:\n\nself = <tests.ContactUsFormTest.ContactFormTest testMethod=test_enterDataInForm>\n\n    @pytest.mark.run(order=2)\n    def test_enterDataInForm(self):\n>       self.cf.enterName()\n\nContactUsFormTest.py:16: \n_ _ _ _ _ _ _ _ _ _ _ _ _ _ _ _ _ _ _ _ _ _ _ _ _ _ _ _ _ _ _ _ _ _ _ _ _ _ _ _ _ _ _ _ _ _ _ _ _ _ _ _ _ _ _ _ _ _ _ _ _ _ _ _ _ _ _ _ _ _ _ _ _ _ _ _ _ _ _ _ _ _ _ _ _ _ \n../pages/ContactUsFormPage.py:29: in enterName\n    self.sendText(\"Hendro Steven\",self._enterName, \"text\")\n_ _ _ _ _ _ _ _ _ _ _ _ _ _ _ _ _ _ _ _ _ _ _ _ _ _ _ _ _ _ _ _ _ _ _ _ _ _ _ _ _ _ _ _ _ _ _ _ _ _ _ _ _ _ _ _ _ _ _ _ _ _ _ _ _ _ _ _ _ _ _ _ _ _ _ _ _ _ _ _ _ _ _ _ _ _ \n\nself = <pages.ContactUsFormPage.ContactForm object at 0x1034f9e70>, text = 'Hendro Steven', locatorString = 'Enter Name', locatorType = 'text'\n\n    def sendText(self, text, locatorString, locatorType=\"id\"):\n        element = None\n        try:\n            locatorType = locatorType.lower()\n            element = self.waitForElement(locatorString, locatorType)\n            element.send_keys(text)\n            self.log.info(\"Send text on Element with LocatorType: \" + locatorType + \" and with LocatorString: \" + locatorString)\n        except:\n            self.log.info(\n                \"Unable to send text on Element with LocatorType: \" + locatorType + \" and with LocatorString: \" + locatorString)\n            self.takeScreenShot(locatorType)\n>           assert False\nE           AssertionError\n\n../base/BasePage.py:83: AssertionError"}, "attachments": [{"name": "text", "source": "1479c54e-7278-426e-93d7-a61e3b26e596-attachment.png", "type": "image/png"}, {"name": "log", "source": "27fd2b4c-9324-4498-b70b-8cf1960c4c93-attachment.txt", "type": "text/plain"}], "start": 1658614508842, "stop": 1658614519518, "uuid": "de8a22c3-9415-41e9-b557-289cf877861c", "historyId": "6444df4ec6f393ee9ec3ede1549bb632", "testCaseId": "5c97ed56f77d2b257b93c39ac44cc825", "fullName": "ContactUsFormTest.ContactFormTest#test_enterDataInForm", "labels": [{"name": "tag", "value": "run(order=2)"}, {"name": "tag", "value": "@pytest.mark.usefixtures('beforeClass', 'beforeMethod')"}, {"name": "suite", "value": "ContactUsFormTest"}, {"name": "subSuite", "value": "ContactFormTest"}, {"name": "host", "value": "kelaskoding.local"}, {"name": "thread", "value": "3190-MainThread"}, {"name": "framework", "value": "pytest"}, {"name": "language", "value": "cpython3"}, {"name": "package", "value": "ContactUsFormTest"}]}